<?xml version="1.0" encoding="UTF-8"?>
<testng-results skipped="0" failed="0" ignored="0" total="1" passed="1">
  <reporter-output>
  </reporter-output>
  <suite name="Suite" duration-ms="18612" started-at="2019-03-25T07:20:13Z" finished-at="2019-03-25T07:20:32Z">
    <groups>
    </groups>
    <test name="Test" duration-ms="18612" started-at="2019-03-25T07:20:13Z" finished-at="2019-03-25T07:20:32Z">
      <class name="SampleMaven.MavenDemo.LogintestCase">
        <test-method status="PASS" signature="browserSetUp()[pri:0, instance:SampleMaven.MavenDemo.LogintestCase@55f3ddb1]" name="browserSetUp" duration-ms="18557" started-at="2019-03-25T07:20:13Z" finished-at="2019-03-25T07:20:32Z">
          <reporter-output>
          </reporter-output>
        </test-method> <!-- browserSetUp -->
      </class> <!-- SampleMaven.MavenDemo.LogintestCase -->
    </test> <!-- Test -->
  </suite> <!-- Suite -->
</testng-results>
